[02:05:10] [main/INFO]: Loading Minecraft 1.20.1 with Fabric Loader 0.17.2
[02:05:10] [main/INFO]: Fabric is preparing JARs on first launch, this may take a few seconds...
[02:05:10] [ForkJoinPool-1-worker-2/WARN]: Mod naturalist uses the version 5.0pre3 which isn't compatible with Loader's extended semantic version format (Could not parse version number component '0pre3'!), SemVer is recommended for reliably evaluating dependencies and prioritizing newer version
[02:05:10] [ForkJoinPool-1-worker-8/WARN]: Mod oceansdelight uses the version fdrf-fabric-1.0.2-1.20 which isn't compatible with Loader's extended semantic version format (Could not parse version number component 'fdrf'!), SemVer is recommended for reliably evaluating dependencies and prioritizing newer version
[02:05:10] [ForkJoinPool-1-worker-8/WARN]: Mod ends_delight uses the version refabricated-1.20.1-2.5 which isn't compatible with Loader's extended semantic version format (Could not parse version number component 'refabricated'!), SemVer is recommended for reliably evaluating dependencies and prioritizing newer version
[02:05:10] [ForkJoinPool-1-worker-8/WARN]: Mod mr_dungeons_andtaverns uses the version 3.0.3.f which isn't compatible with Loader's extended semantic version format (Could not parse version number component 'f'!), SemVer is recommended for reliably evaluating dependencies and prioritizing newer version
[02:05:10] [ForkJoinPool-1-worker-3/WARN]: Mod create_dd uses the version 0.1d which isn't compatible with Loader's extended semantic version format (Could not parse version number component '1d'!), SemVer is recommended for reliably evaluating dependencies and prioritizing newer version
[02:05:10] [main/WARN]: Warnings were found!
 - Mod 'Create Enchantment Industry' (create_enchantment_industry) 1.2.16 recommends version 0.5.1-f-build.1335+mc1.20.1 of mod 'Create' (create), but only the wrong version is present: 0.5.1-j-build.1631+mc1.20.1!
	 - You should install version 0.5.1-f-build.1335+mc1.20.1 of mod 'Create' (create) for the optimal experience.
 - Mod 'Debugify' (debugify) 1.20.1+2.0 recommends any 3.x version of yet-another-config-lib, which is missing!
	 - You should install any 3.x version of yet-another-config-lib for the optimal experience.
 - Mod 'Debugify' (debugify) 1.20.1+2.0 recommends any version of modmenu, which is missing!
	 - You should install any version of modmenu for the optimal experience.
 - Mod 'Simply Swords' (simplyswords) 1.56.0-1.20.1 recommends version 1.7.2 or later of bettercombat, which is missing!
	 - You should install version 1.7.2 or later of bettercombat for the optimal experience.
[02:05:10] [main/INFO]: Loading 427 mods:
	- accessories 1.0.0-beta.47+1.20.1
	   |-- io_wispforest_endec 0.1.8
	   |-- io_wispforest_endec_gson 0.1.5
	   \-- io_wispforest_endec_netty 0.1.4
	- additionalstructures 4.2.2
	- addonslib 1.20.1-1.5
	- adorabuild_structures 2.8.0
	- ae2 15.4.8
	   \-- team_reborn_energy 3.0.0
	- aether 1.5.2-beta.6
	   |-- cumulus_menus 1.20.1-1.0.2-fabric
	   |-- mm_shedaniel 2.4.1
	   |-- nitrogen_internals 1.20.1-1.0.15-fabric
	   |-- porting_lib_asm 2.3.9-beta.51+1.20.1
	   |-- porting_lib_base 2.3.9-beta.52+1.20.1
	   |    |-- porting_lib_accessors 2.3.9-beta.52+1.20.1
	   |    |-- porting_lib_attributes 2.3.9-beta.52+1.20.1
	   |    |-- porting_lib_common 2.3.9-beta.52+1.20.1
	   |    |-- porting_lib_config 2.3.9-beta.52+1.20.1
	   |    |-- porting_lib_core 2.3.9-beta.52+1.20.1
	   |    |-- porting_lib_entity 2.3.9-beta.52+1.20.1
	   |    |-- porting_lib_extensions 2.3.9-beta.52+1.20.1
	   |    |-- porting_lib_fluids 2.3.9-beta.52+1.20.1
	   |    |-- porting_lib_gui_utils 2.3.9-beta.52+1.20.1
	   |    |-- porting_lib_lazy_registration 2.3.9-beta.52+1.20.1
	   |    |-- porting_lib_mixin_extensions 2.3.9-beta.52+1.20.1
	   |    |-- porting_lib_tool_actions 2.3.9-beta.52+1.20.1
	   |    |-- porting_lib_transfer 2.3.9-beta.52+1.20.1
	   |    |-- porting_lib_utility 2.3.9-beta.52+1.20.1
	   |    \-- reach-entity-attributes 2.4.0
	   |-- porting_lib_blocks 2.3.9-beta.51+1.20.1
	   |-- porting_lib_brewing 2.3.9-beta.51+1.20.1
	   |-- porting_lib_client_events 2.3.9-beta.51+1.20.1
	   |-- porting_lib_data 2.3.9-beta.51+1.20.1
	   |-- porting_lib_items 2.3.9-beta.51+1.20.1
	   |-- porting_lib_level_events 2.3.9-beta.51+1.20.1
	   |-- porting_lib_loot 2.3.9-beta.51+1.20.1
	   |-- porting_lib_model_generators 2.3.9-beta.51+1.20.1
	   |    \-- porting_lib_model_materials 2.3.9-beta.51+1.20.1
	   |-- porting_lib_model_loader 2.3.9-beta.51+1.20.1
	   |-- porting_lib_models 2.3.9-beta.51+1.20.1
	   |-- porting_lib_networking 2.3.9-beta.51+1.20.1
	   \-- porting_lib_recipe_book_categories 2.3.9-beta.51+1.20.1
	- almanac 1.0.2
	- alternate-current 1.9.0
	- amendments 1.20-2.2.1
	- aquamirae 6
	- aqupdcaracal 1.20-2.3.3
	- architectury 9.2.14
	- athena 3.1.2
	- attributefix 21.0.4
	- balm 7.3.34
	   \-- kuma_api 20.1.10
	- bclib 3.0.14
	   \-- wunderlib 1.1.5
	- beachparty 2.0.3
	- bellsandwhistles 0.4.5
	- betterdeserttemples 1.20-Fabric-3.0.3
	   \-- org_reflections_reflections 0.10.2
	- betterdungeons 1.20-Fabric-4.0.4
	- betterend 4.0.11
	- betterendisland 1.20-Fabric-2.0.6
	- betterfortresses 1.20-Fabric-2.0.6
	- betterjungletemples 1.20-Fabric-2.0.5
	- bettermineshafts 1.20-Fabric-4.0.4
	- betternether 9.0.10
	- betteroceanmonuments 1.20-Fabric-3.0.4
	- betterstrongholds 1.20-Fabric-4.0.3
	- bettertridents 8.0.1
	- betterwitchhuts 1.20-Fabric-3.0.3
	- biomesoplenty 19.0.0.96
	- biomeswevegone 1.6.4
	- bosses_of_mass_destruction 1.7.5-1.20.1
	   |-- maelstrom_library 1.6.1-1.20
	   \-- multipart_entities 1.5-1.20
	- botarium 2.3.4
	   \-- team_reborn_energy 3.0.0
	- c2me 0.2.0+alpha.11.16
	   |-- c2me-base 0.2.0+alpha.11.16
	   |-- c2me-client-uncapvd 0.2.0+alpha.11.16
	   |-- c2me-fixes-chunkio-threading-issues 0.2.0+alpha.11.16
	   |-- c2me-fixes-general-threading-issues 0.2.0+alpha.11.16
	   |-- c2me-fixes-worldgen-threading-issues 0.2.0+alpha.11.16
	   |-- c2me-fixes-worldgen-vanilla-bugs 0.2.0+alpha.11.16
	   |-- c2me-notickvd 0.2.0+alpha.11.16
	   |-- c2me-opts-allocs 0.2.0+alpha.11.16
	   |-- c2me-opts-chunk-access 0.2.0+alpha.11.16
	   |-- c2me-opts-chunkio 0.2.0+alpha.11.16
	   |-- c2me-opts-math 0.2.0+alpha.11.16
	   |-- c2me-opts-scheduling 0.2.0+alpha.11.16
	   |-- c2me-opts-worldgen-general 0.2.0+alpha.11.16
	   |-- c2me-opts-worldgen-vanilla 0.2.0+alpha.11.16
	   |-- c2me-rewrites-chunk-serializer 0.2.0+alpha.11.16
	   |-- c2me-rewrites-chunkio 0.2.0+alpha.11.16
	   |-- c2me-server-utils 0.2.0+alpha.11.16
	   |-- c2me-threading-chunkio 0.2.0+alpha.11.16
	   |-- c2me-threading-lighting 0.2.0+alpha.11.16
	   |-- c2me-threading-worldgen 0.2.0+alpha.11.16
	   |-- com_ibm_async_asyncutil 0.1.0
	   |-- net_objecthunter_exp4j 0.4.8
	   \-- org_threadly_threadly 7.0
	- cardinal-components 5.2.3
	   |-- cardinal-components-base 5.2.3
	   |-- cardinal-components-block 5.2.3
	   |-- cardinal-components-chunk 5.2.3
	   |-- cardinal-components-entity 5.2.3
	   |-- cardinal-components-item 5.2.3
	   |-- cardinal-components-level 5.2.3
	   |-- cardinal-components-scoreboard 5.2.3
	   \-- cardinal-components-world 5.2.3
	- cherry_grove_starter_house 1.0.0
	- chipped 3.0.7
	- chunky 1.3.146
	- cloth-config 11.1.136
	   \-- cloth-basic-math 0.6.1
	- clumps 12.0.0.4
	- comforts 6.4.0+1.20.1
	- copycats 2.2.2+mc.1.20.1-fabric
	- corgilib 4.0.3.4
	   |-- com_electronwill_night-config_core 3.8.2
	   \-- com_electronwill_night-config_toml 3.8.2
	- create 0.5.1-j-build.1631+mc1.20.1
	   |-- com_google_code_findbugs_jsr305 3.0.2
	   |-- flywheel 0.6.11-4
	   |-- milk 1.2.60
	   |    \-- dripstone_fluid_lib 3.0.2
	   |-- porting_lib_obj_loader 2.3.8+1.20.1
	   |-- reach-entity-attributes 2.4.0
	   \-- registrate-fabric 1.3.79-MC1.20.1
	        |-- com_google_code_findbugs_jsr305 3.0.2
	        \-- porting_lib_tags 3.0
	             \-- porting_lib_gametest 2.1.1090+1.20
	- create_armor_trims 2.0.1
	- create_copper_and_zinc 1.6.0
	- create_dd 0.1d
	   \-- dsbg 1.0
	- create_enchantment_industry 1.2.16
	   \-- create_dragon_lib 1.4.2
	- create_high_pressure 1.1.0
	- create_jetpack 4.3.0
	   \-- flightlib 2.1.0
	- create_ltab 3.0.0
	- create_new_age 1.1.2
	- create_oxidized 0.1.1+1.20.1
	   \-- terraform-wood-api-v1 7.0.1
	- create_power_loader 1.5.3-mc1.20.1-fabric
	   \-- porting_lib_chunk_loading 2.3.0+1.20.1
	- create_structures 1.1.0
	- create_structures_arise 156.29.28
	- createaddition 1.2.6
	- createdeco 2.0.2-1.20.1-fabric
	- createdieselgenerators 2.1.4
	- createdynlight 1.0.2
	- createfood 1.1.11
	- createframed 1.5.8+1.20.1
	- creategoggles 0.5.6
	- createoreexcavation 1.5.4
	   \-- chunk-storage-api-fabric 1.0.4
	- createutilities 0.3.0+1.20.1
	   \-- team_reborn_energy 3.0.0
	- cristellib 1.1.5
	   \-- blue_endless_jankson 1.2.3
	- crystal_clear 0.0
	- cutthrough 8.0.2
	- dawn 5.0.0
	   |-- terraform-shapes-api-v1 7.0.1
	   \-- terraform-wood-api-v1 7.0.1
	- dcintegration-fabric 3.0.7
	   \-- de_erdbeerbaerlp_dcintegration_common 3.0.7
	- debugify 1.20.1+2.0
	- deeperdarker 1.3.3
	   \-- customportalapi 0.0.1-beta64-1.20
	- distanthorizons 2.3.4-b
	   |-- fabric-key-binding-api-v1 1.0.36+fb8d95da77
	   |-- fabric-rendering-v1 3.0.7+b3afc78b77
	   \-- fabric-screen-api-v1 2.0.7+b3afc78b77
	- easyanvils 8.0.2
	- easyauth 3.3.6
	   |-- at_favre_lib_bcrypt 0.10.2
	   |-- at_favre_lib_bytes 1.6.1
	   |-- com_mysql_mysql-connector-j 9.2.0
	   |-- de_mkammerer_argon2-jvm 2.12
	   |-- de_mkammerer_argon2-jvm-nolibs 2.12
	   |-- net_java_dev_jna_jna 5.16.0
	   |-- org_iq80_leveldb_leveldb 0.12
	   |-- org_iq80_leveldb_leveldb-api 0.12
	   |-- org_mongodb_bson 5.3.1
	   |-- org_mongodb_mongodb-driver-core 5.3.1
	   |-- org_mongodb_mongodb-driver-sync 5.3.1
	   |-- org_xerial_sqlite-jdbc 3.49.1.0
	   \-- server_translations_api 2.0.0+1.20
	        \-- packet_tweaker 0.4.0+1.19.4
	- emi 1.1.22+1.20.1+fabric
	- ends_delight refabricated-1.20.1-2.5
	- estrogen 4.3.4+1.20.1-fabric
	   |-- baubly 1.0.1
	   |-- com_teamresourceful_resourceful-cosmetics-4j 1.0.4
	   |-- critter_lib 0.1-beta.14
	   \-- jukeboxfix 1.0.1
	- everycomp 1.20-2.9.0
	- expandeddelight 0.3.2
	   \-- mm 2.3
	- explorerscompass 1.20.1-2.2.3-fabric
	- explorify 1.6.2
	- extendedgears 2.1.1-1.20.1-0.5.1.f-fabric
	- fabric-api 0.92.6+1.20.1
	   |-- fabric-api-base 0.4.32+1802ada577
	   |-- fabric-api-lookup-api-v1 1.6.37+1802ada577
	   |-- fabric-biome-api-v1 13.0.14+1802ada577
	   |-- fabric-block-api-v1 1.0.12+1802ada577
	   |-- fabric-block-view-api-v2 1.0.3+924f046a77
	   |-- fabric-blockrenderlayer-v1 1.1.42+1802ada577
	   |-- fabric-client-tags-api-v1 1.1.3+1802ada577
	   |-- fabric-command-api-v1 1.2.35+f71b366f77
	   |-- fabric-command-api-v2 2.2.14+1802ada577
	   |-- fabric-commands-v0 0.2.52+df3654b377
	   |-- fabric-containers-v0 0.1.67+df3654b377
	   |-- fabric-content-registries-v0 4.0.13+1802ada577
	   |-- fabric-convention-tags-v1 1.5.6+1802ada577
	   |-- fabric-crash-report-info-v1 0.2.20+1802ada577
	   |-- fabric-data-attachment-api-v1 1.0.2+de0fd6d177
	   |-- fabric-data-generation-api-v1 12.3.7+1802ada577
	   |-- fabric-dimensions-v1 2.1.55+1802ada577
	   |-- fabric-entity-events-v1 1.6.1+1c78457f77
	   |-- fabric-events-interaction-v0 0.6.5+13a40c6677
	   |-- fabric-events-lifecycle-v0 0.2.64+df3654b377
	   |-- fabric-game-rule-api-v1 1.0.41+1802ada577
	   |-- fabric-item-api-v1 2.1.29+1802ada577
	   |-- fabric-item-group-api-v1 4.0.14+1802ada577
	   |-- fabric-key-binding-api-v1 1.0.38+1802ada577
	   |-- fabric-keybindings-v0 0.2.36+df3654b377
	   |-- fabric-lifecycle-events-v1 2.2.23+1802ada577
	   |-- fabric-loot-api-v2 1.2.3+1802ada577
	   |-- fabric-loot-tables-v1 1.1.47+9e7660c677
	   |-- fabric-message-api-v1 5.1.10+1802ada577
	   |-- fabric-mining-level-api-v1 2.1.52+1802ada577
	   |-- fabric-model-loading-api-v1 1.0.4+1802ada577
	   |-- fabric-models-v0 0.4.3+9386d8a777
	   |-- fabric-networking-api-v1 1.3.14+a158aa0477
	   |-- fabric-networking-v0 0.3.54+df3654b377
	   |-- fabric-object-builder-api-v1 11.1.5+e35120df77
	   |-- fabric-particles-v1 1.1.3+1802ada577
	   |-- fabric-recipe-api-v1 1.0.24+1802ada577
	   |-- fabric-registry-sync-v0 2.3.6+1802ada577
	   |-- fabric-renderer-api-v1 3.2.2+1802ada577
	   |-- fabric-renderer-indigo 1.5.3+85287f9f77
	   |-- fabric-renderer-registries-v1 3.2.47+df3654b377
	   |-- fabric-rendering-data-attachment-v1 0.3.39+92a0d36777
	   |-- fabric-rendering-fluids-v1 3.0.29+1802ada577
	   |-- fabric-rendering-v0 1.1.50+df3654b377
	   |-- fabric-rendering-v1 3.0.9+1802ada577
	   |-- fabric-resource-conditions-api-v1 2.3.9+1802ada577
	   |-- fabric-resource-loader-v0 0.11.12+fb82e9d777
	   |-- fabric-screen-api-v1 2.0.9+1802ada577
	   |-- fabric-screen-handler-api-v1 1.3.33+1802ada577
	   |-- fabric-sound-api-v1 1.0.14+1802ada577
	   |-- fabric-transfer-api-v1 3.3.6+8dd72ea377
	   \-- fabric-transitive-access-wideners-v1 4.3.2+1802ada577
	- fabric-language-kotlin 1.13.5+kotlin.2.2.10
	   |-- org_jetbrains_kotlin_kotlin-reflect 2.2.10
	   |-- org_jetbrains_kotlin_kotlin-stdlib 2.2.10
	   |-- org_jetbrains_kotlin_kotlin-stdlib-jdk7 2.2.10
	   |-- org_jetbrains_kotlin_kotlin-stdlib-jdk8 2.2.10
	   |-- org_jetbrains_kotlinx_atomicfu-jvm 0.29.0
	   |-- org_jetbrains_kotlinx_kotlinx-coroutines-core-jvm 1.10.2
	   |-- org_jetbrains_kotlinx_kotlinx-coroutines-jdk8 1.10.2
	   |-- org_jetbrains_kotlinx_kotlinx-datetime-jvm 0.7.1
	   |-- org_jetbrains_kotlinx_kotlinx-io-bytestring-jvm 0.8.0
	   |-- org_jetbrains_kotlinx_kotlinx-io-core-jvm 0.8.0
	   |-- org_jetbrains_kotlinx_kotlinx-serialization-cbor-jvm 1.9.0
	   |-- org_jetbrains_kotlinx_kotlinx-serialization-core-jvm 1.9.0
	   \-- org_jetbrains_kotlinx_kotlinx-serialization-json-jvm 1.9.0
	- fabricloader 0.17.2
	   \-- mixinextras 0.5.0
	- farmersdelight 1.20.1-2.4.0+refabricated
	   \-- mm 2.3
	- farmersknives 3.2
	- faster-random 5.1.0
	- fastload 3.4.0
	   |-- conditional-mixin 0.3.2
	   |-- fastload-119-0-1-2-compat 3.4.0
	   |-- fastload-1193-compat 3.4.0
	   |-- fastload-1194-compat 3.4.0
	   \-- fastload_fapi_forward 1.0.2
	- fennecfox 1.0.0
	- ferritecore 6.0.1
	- forgeconfigapiport 8.0.2
	- formations 1.0.4
	- formationsnether 1.0.5
	- formationsoverworld 1.0.5
	- friendsandfoes 3.0.9
	   \-- reach-entity-attributes 2.4.0
	- fusion 1.2.11
	- geckolib 4.7.3
	   \-- com_eliotlash_mclib_mclib 20
	- glitchcore 0.0.1.1
	   \-- net_jodah_typetools 0.6.3
	- handcrafted 3.0.6
	- hearth_and_home 1.20.1-2.0.3
	- hearths 1.0.4
	- herbalbrews 1.0.12
	- immersive_armors 1.7.1+1.20.1
	- immersive_paintings 0.6.8+1.20.1
	- incendium 5.3.5
	- interiors 0.5.6
	- jade 11.13.1+fabric
	- jamlib 1.3.5+1.20.1
	- java 23
	- jumpoverfences 1.3.1
	- kiwi 11.8.29+fabric
	- krypton 0.2.3
	   \-- com_velocitypowered_velocity-native 3.2.0-SNAPSHOT
	- letmedespawn 1.5.0
	- lithium 0.11.3
	- lithostitched 1.4.11
	- lmft 1.0.2+1.20
	- lootr 0.7.35.85
	- mcwbiomesoplenty 1.20.1-1.2
	- mcwbridges 3.1.0
	- mcwbyg 1.20.1-1.2.1
	- mcwdoors 1.1.2
	- mcwfences 1.2.0
	- mcwfurnitures 3.3.0
	- mcwholidays 1.1.0
	- mcwlights 1.1.2
	- mcwpaintings 1.0.5
	- mcwpaths 1.1.0
	- mcwroofs 2.3.2
	- mcwstairs 1.0.1
	- mcwtrpdoors 1.1.4
	- mcwwindows 2.4.0
	- meadow 1.3.25
	- memoryleakfix 1.1.5
	- mes 1.4.6-1.20-fabric
	- minecraft 1.20.1
	- mns 1.0.1-1.20-fabric
	- molten_metals 1.20.1-0.1.4
	- moonlight 1.20-2.16.5
	- moremobvariants 1.3.1
	- mostructures 1.4.5+1.20.1
	   \-- omega-config 1.4.1+1.20.1
	- mr_cherry_monastery 3.0
	- mr_cherry_villages 1.1.2
	- mr_create_decoadditions 1.3
	- mr_dungeons_andtaverns 3.0.3.f
	- mru 1.0.4+1.20.1+fabric
	- mss 1.2.7-1.20-fabric
	- mvs 4.1.5-1.20-fabric
	- mysticsbiomes 3.4.3
	   \-- terraform-wood-api-v1 7.0.1
	- naturalist 5.0pre3
	   \-- midnightlib 1.4.1
	- naturescompass 1.20.1-2.2.3-fabric
	- neruina 2.3.1-beta.1
	   |-- com_fasterxml_jackson_core_jackson-annotations 2.17.0
	   |-- com_fasterxml_jackson_core_jackson-core 2.17.0
	   |-- com_fasterxml_jackson_core_jackson-databind 2.17.0
	   |-- org_apache_httpcomponents_client5_httpclient5 5.3.1
	   |-- org_apache_httpcomponents_core5_httpcore5 5.3.1
	   |-- org_apache_maven_maven-artifact 3.8.1
	   \-- org_kohsuke_github-api 1.318
	- netherportalfix 13.0.2
	- nochatreports 1.20.1-v2.2.2
	   |-- fabric-rendering-v1 3.0.6+b3afc78b82
	   \-- fabric-screen-api-v1 2.0.6+b3afc78b82
	- noisium 2.3.0+mc1.20-1.20.1
	- nullscape 1.2.7
	- numismatics 1.0.11+fabric-mc1.20.1
	- obscure_api 16
	- oceansdelight fdrf-fabric-1.0.2-1.20
	- ohthetreesyoullgrow 1.3.13
	- openpartiesandclaims 0.25.5
	- owo 0.11.2+1.20
	- philipsruins 5.5
	- platform 1.2.10.1
	- pointblank 1.9.6
	- polymorph 0.49.10+1.20.1
	   \-- spectrelib 0.13.17+1.20.1
	- puzzleslib 8.1.32
	   \-- puzzlesaccessapi 20.1.1
	- railways 1.6.9+fabric-mc1.20.1
	   \-- mm 2.3
	- rechiseled 1.1.6
	- regions_unexplored 0.5.6+1.20.1
	- repurposed_structures 7.1.19+1.20.1-fabric
	- resourcefulconfig 2.1.3
	- resourcefullib 2.1.29
	   |-- com_teamresourceful_bytecodecs 1.0.2
	   \-- com_teamresourceful_yabn 1.0.3
	- rightclickharvest 4.5.3+1.20.1
	- sawmill 1.20-1.4.8
	- servercore 1.5.2+1.20.1
	   |-- fabric-permissions-api-v0 0.3.1
	   |-- org_yaml_snakeyaml 2.2
	   |-- placeholder-api 2.1.3+1.20.1
	   |-- space_arim_dazzleconf_dazzleconf-core 1.3.0-M2
	   \-- space_arim_dazzleconf_dazzleconf-ext-snakeyaml 1.3.0-M2
	- silk-all 1.10.1
	   |-- silk-commands 1.10.1
	   |-- silk-core 1.10.1
	   |-- silk-game 1.10.1
	   |-- silk-igui 1.10.1
	   |-- silk-nbt 1.10.1
	   |-- silk-network 1.10.1
	   \-- silk-persistence 1.10.1
	- simplyswords 1.56.0-1.20.1
	   \-- spruceui 5.0.0+1.20
	- sliceanddice 3.3.1
	- snowrealmagic 10.6.4
	- spark 1.10.53
	- sparsestructures 3.0
	- starlight 1.1.2+fabric.dbc156f
	- stoneworks 8.0.0
	- structory 1.3.5
	- structory_towers 1.0.7
	- supermartijn642configlib 1.1.8+a
	- supermartijn642corelib 1.1.18+a
	- supplementaries 1.20-3.1.37
	   \-- mixinsquared 0.1.1
	- suppsquared 1.20-1.1.22
	- t_and_t 1.12
	- tectonic 3.0.12
	- terrablender 3.0.1.10
	- terralith 2.5.4
	- tlc 1.2.0
	- trade_cycling 1.20.1-1.0.18
	   |-- fabric-key-binding-api-v1 1.0.36+fb8d95da82
	   \-- fabric-screen-api-v1 2.0.6+b3afc78b82
	- trading_floor 1.1.10+fabric-1.20.1
	- tradingpost 8.0.2
	- trinkets 3.7.2
	- twigs 3.1.0
	- underground_bunkers 1.0.3
	- universal_ores 1.5.2
	- vanillabackport 1.1.4.3
	- verdant 1.20.1-0.1.2
	- verdantvibes 1.0.1-1.20.1
	- vinery 1.4.40
	- vmp 0.2.0+beta.7.102
	- voicechat 1.20.1-2.5.36
	   \-- fabric-key-binding-api-v1 1.0.36+fb8d95da82
	- waystones 14.1.17
	- wwoo 2.0.0
	- xaerominimap 25.2.10
	- yes_steve_model 2.4.1
	- yet_another_config_lib_v3 3.1.0+1.20
	   |-- com_twelvemonkeys_common_common-image 3.10.0-SNAPSHOT
	   |-- com_twelvemonkeys_common_common-io 3.10.0-SNAPSHOT
	   |-- com_twelvemonkeys_common_common-lang 3.10.0-SNAPSHOT
	   |-- com_twelvemonkeys_imageio_imageio-core 3.10.0-SNAPSHOT
	   |-- com_twelvemonkeys_imageio_imageio-metadata 3.10.0-SNAPSHOT
	   \-- com_twelvemonkeys_imageio_imageio-webp 3.10.0-SNAPSHOT
	- yigd 2.0.16
	   \-- libgui 8.1.1+1.20.1
	        |-- jankson 6.0.0+j1.2.3
	        \-- libninepatch 1.2.0
	- yungsapi 1.20-Fabric-4.0.6
	   \-- org_javassist_javassist 3.29.2-GA
	- yungsbridges 1.20-Fabric-4.0.3
	- yungscavebiomes 1.20.1-Fabric-2.0.5
	- yungsextras 1.20-Fabric-4.0.3
[02:05:11] [main/INFO]: SpongePowered MIXIN Subsystem Version=0.8.7 Source=file:/home/penrosian/FeltMC-Season4-Modded/server/minecraft/libraries/net/fabricmc/sponge-mixin/0.16.3+mixin.0.8.7/sponge-mixin-0.16.3+mixin.0.8.7.jar Service=Knot/Fabric Env=SERVER
[02:05:11] [main/INFO]: Compatibility level set to JAVA_17
[02:05:11] [main/INFO]: Initializing com.ishland.c2me.base.mixin
[02:05:11] [main/INFO]: Initializing com.ishland.c2me.fixes.chunkio.threading_issues.mixin
[02:05:11] [main/INFO]: Initializing com.ishland.c2me.fixes.general.threading_issues.mixin
[02:05:11] [main/INFO]: Initializing com.ishland.c2me.fixes.worldgen.threading_issues.mixin
[02:05:11] [main/INFO]: Initializing com.ishland.c2me.fixes.worldgen.vanilla_bugs.mixin
[02:05:11] [main/INFO]: Initializing com.ishland.c2me.notickvd.mixin
[02:05:11] [main/INFO]: Initializing com.ishland.c2me.opts.allocs.mixin
[02:05:11] [main/INFO]: Initializing com.ishland.c2me.opts.chunk_access.mixin
[02:05:11] [main/INFO]: Initializing com.ishland.c2me.opts.chunkio.mixin
[02:05:11] [main/INFO]: Initializing com.ishland.c2me.opts.math.mixin
[02:05:11] [main/INFO]: Initializing com.ishland.c2me.opts.scheduling.mixin
[02:05:11] [main/INFO]: Initializing com.ishland.c2me.opts.worldgen.general.mixin
[02:05:11] [main/INFO]: Initializing com.ishland.c2me.opts.worldgen.vanilla.mixin
[02:05:11] [main/INFO]: Initializing com.ishland.c2me.rewrites.chunk_serializer.mixin
[02:05:11] [main/INFO]: Disabling config ioSystem.gcFreeChunkSerializer: Incompatible with architectury@9.2.14 (*) (defined in c2me)
[02:05:11] [main/INFO]: Disabling com.ishland.c2me.rewrites.chunk_serializer.mixin
[02:05:11] [main/INFO]: Initializing com.ishland.c2me.rewrites.chunkio.mixin
[02:05:11] [main/INFO]: Disabling com.ishland.c2me.rewrites.chunkio.mixin
[02:05:11] [main/INFO]: Initializing com.ishland.c2me.server.utils.mixin
[02:05:11] [main/INFO]: Initializing com.ishland.c2me.threading.chunkio.mixin
[02:05:11] [main/INFO]: Initializing com.ishland.c2me.threading.lighting.mixin
[02:05:11] [main/INFO]: Initializing com.ishland.c2me.threading.worldgen.mixin
[02:05:11] [main/INFO]: Disabling com.ishland.c2me.threading.worldgen.mixin
[02:05:11] [main/WARN]: Reference map 'createdeco-fabric-refmap.json' for createdeco.mixins.json could not be read. If this is a development environment you can ignore this message
[02:05:11] [main/WARN]: Reference map '${archivesBaseName}-refmap.json' for createdieselgenerators.mixins.json could not be read. If this is a development environment you can ignore this message
[02:05:11] [main/WARN]: Reference map 'createframed.refmap.json' for createframed.mixins.json could not be read. If this is a development environment you can ignore this message
[02:05:11] [main/INFO]: Preloading Debugify
[02:05:11] [main/WARN]: Reference map 'Fastload-1.19.4-Extension-refmap.json' for fastload-1194-compat.mixins.json could not be read. If this is a development environment you can ignore this message
[02:05:11] [main/WARN]: Reference map 'fennecfox-fabric-1.20.1-refmap.json' for fennecfox.mixins.json could not be read. If this is a development environment you can ignore this message
[02:05:11] [main/WARN]: Reference map 'formationsnether.mixins.refmap.json' for formationsnether.mixins.json could not be read. If this is a development environment you can ignore this message
[02:05:11] [main/WARN]: Reference map 'formationsoverworld.mixins.refmap.json' for formationsoverworld.mixins.json could not be read. If this is a development environment you can ignore this message
[02:05:11] [main/INFO]: Loaded configuration file for Lithium: 131 options available, 4 override(s) found
[02:05:11] [main/WARN]: Reference map 'lmft-fabric-refmap.json' for lmft.mixins.json could not be read. If this is a development environment you can ignore this message
[02:05:11] [main/WARN]: Reference map 'memoryleakfix-fabric-1.17+-fabric-refmap.json' for memoryleakfix-fabric.mixins.json could not be read. If this is a development environment you can ignore this message
[02:05:11] [main/INFO]: Started MM (shedaniel's fork) at me/shedaniel/gen/mixin/
[02:05:11] [main/WARN]: Reference map 'Manningham Mills-refmap.json' for mixins.mm_shedaniel.json could not be read. If this is a development environment you can ignore this message
[02:05:11] [main/WARN]: Reference map 'molten_metals-common-refmap.json' for molten_metals-common.mixins.json could not be read. If this is a development environment you can ignore this message
[02:05:11] [main/WARN]: Reference map 'nitrogen_internals-refmap.json' for nitrogen_internals.mixins.json could not be read. If this is a development environment you can ignore this message
[02:05:11] [main/WARN]: Reference map 'oceansdelight-refmap.json' for oceansdelight.mixins.json could not be read. If this is a development environment you can ignore this message
[02:05:11] [main/WARN]: Reference map 'puzzlesaccessapi.common.refmap.json' for puzzlesaccessapi.common.mixins.json could not be read. If this is a development environment you can ignore this message
[02:05:11] [main/WARN]: Reference map 'puzzlesaccessapi.fabric.refmap.json' for puzzlesaccessapi.fabric.mixins.json could not be read. If this is a development environment you can ignore this message
[02:05:11] [main/WARN]: Reference map 'rechiseled.mixins.refmap.json' for rechiseled.mixins.json could not be read. If this is a development environment you can ignore this message
[02:05:11] [main/WARN]: Reference map 'repurposed_structures.refmap.json' for repurposed_structures-fabric.mixins.json could not be read. If this is a development environment you can ignore this message
[02:05:11] [main/WARN]: Reference map 'repurposed_structures.refmap.json' for repurposed_structures-common.mixins.json could not be read. If this is a development environment you can ignore this message
[02:05:11] [main/WARN]: Reference map 'simplyswords-fabric-refmap.json' for simplyswords.mixins.json could not be read. If this is a development environment you can ignore this message
[02:05:11] [main/WARN]: Reference map 'supermartijn642configlib.mixins.refmap.json' for supermartijn642configlib.mixins.json could not be read. If this is a development environment you can ignore this message
[02:05:11] [main/INFO]: Successfully started async appender with [ServerGuiConsole, SysOut, File]
[02:05:11] [main/WARN]: Reference map 'yungsextras.refmap.json' for yungsextras.mixins.json could not be read. If this is a development environment you can ignore this message
[02:05:11] [main/WARN]: Reference map 'yungsextras.refmap.json' for yungsextras_fabric.mixins.json could not be read. If this is a development environment you can ignore this message
[02:05:11] [main/WARN]: Error loading class: net/minecraft/class_881 (java.lang.ClassNotFoundException: net/minecraft/class_881)
[02:05:11] [main/WARN]: @Mixin target net.minecraft.class_881 was not found porting_lib_base.mixins.json:client.BoatRendererMixin from mod porting_lib_base
[02:05:11] [main/WARN]: Error loading class: net/minecraft/class_525 (java.lang.ClassNotFoundException: net/minecraft/class_525)
[02:05:11] [main/WARN]: @Mixin target net.minecraft.class_525 was not found porting_lib_base.mixins.json:client.CreateWorldScreenMixin from mod porting_lib_base
[02:05:11] [main/WARN]: Error loading class: net/minecraft/class_906 (java.lang.ClassNotFoundException: net/minecraft/class_906)
[02:05:11] [main/WARN]: @Mixin target net.minecraft.class_906 was not found porting_lib_tool_actions.mixins.json:FishingHookRendererMixin from mod porting_lib_tool_actions
[02:05:11] [main/WARN]: Error loading class: net/minecraft/class_761 (java.lang.ClassNotFoundException: net/minecraft/class_761)
[02:05:11] [main/WARN]: @Mixin target net.minecraft.class_761 was not found accessories-common.mixins.json:LevelRendererAccessor from mod accessories
[02:05:11] [main/WARN]: Error loading class: link/infra/indium/renderer/helper/GeometryHelper (java.lang.ClassNotFoundException: link/infra/indium/renderer/helper/GeometryHelper)
[02:05:11] [main/WARN]: Error loading class: net/fabricmc/fabric/impl/client/indigo/renderer/helper/GeometryHelper (java.lang.ClassNotFoundException: net/fabricmc/fabric/impl/client/indigo/renderer/helper/GeometryHelper)
[02:05:12] [main/WARN]: Error loading class: me/jellysquid/mods/lithium/common/ai/pathing/PathNodeDefaults (java.lang.ClassNotFoundException: me/jellysquid/mods/lithium/common/ai/pathing/PathNodeDefaults)
[02:05:12] [main/WARN]: Error loading class: eu/pb4/styledchat/StyledChatUtils (java.lang.ClassNotFoundException: eu/pb4/styledchat/StyledChatUtils)
[02:05:12] [main/INFO]: Loading Faster Random.
[02:05:12] [main/WARN]: Force-disabling mixin 'alloc.blockstate.StateMixin' as rule 'mixin.alloc.blockstate' (added by mods [ferritecore]) disables it and children
[02:05:12] [main/WARN]: Force-disabling mixin 'alloc.chunk_ticking.ServerChunkManagerMixin' as rule 'mixin.alloc.chunk_ticking' (added by mods [servercore]) disables it and children
[02:05:12] [main/WARN]: Force-disabling mixin 'block.moving_block_shapes.PistonBlockEntityMixin' as rule 'mixin.block.moving_block_shapes' (added by mods [supplementaries]) disables it and children
[02:05:12] [main/WARN]: Force-disabling mixin 'block.moving_block_shapes.VoxelShapeMixin' as rule 'mixin.block.moving_block_shapes' (added by mods [supplementaries]) disables it and children
[02:05:12] [main/WARN]: Force-disabling mixin 'world.player_chunk_tick.ThreadedAnvilChunkStorageMixin' as rule 'mixin.world.player_chunk_tick' (added by mods [c2me, krypton, vmp]) disables it and children
[02:05:12] [main/WARN]: Error loading class: fr/catcore/server/translations/api/resource/language/SystemDelegatedLanguage (java.lang.ClassNotFoundException: fr/catcore/server/translations/api/resource/language/SystemDelegatedLanguage)
[02:05:12] [main/WARN]: Error loading class: net/minecraft/class_276 (java.lang.ClassNotFoundException: net/minecraft/class_276)
[02:05:12] [main/WARN]: @Mixin target net.minecraft.class_276 was not found pointblank.fabric.mixins.json:RenderTargetMixin from mod pointblank
[02:05:12] [main/WARN]: Error loading class: net/minecraft/class_7766 (java.lang.ClassNotFoundException: net/minecraft/class_7766)
[02:05:12] [main/WARN]: @Mixin target net.minecraft.class_7766 was not found pointblank.fabric.mixins.json:SpriteLoaderMixin from mod pointblank
[02:05:12] [main/WARN]: Error loading class: net/minecraft/class_481 (java.lang.ClassNotFoundException: net/minecraft/class_481)
[02:05:12] [main/WARN]: @Mixin target net.minecraft.class_481 was not found porting_lib_items.mixins.json:client.CreativeModeInventoryScreenMixin from mod porting_lib_items
[02:05:12] [main/WARN]: Error loading class: dev/latvian/mods/kubejs/recipe/RecipesEventJS (java.lang.ClassNotFoundException: dev/latvian/mods/kubejs/recipe/RecipesEventJS)
[02:05:12] [main/WARN]: @Mixin target dev.latvian.mods.kubejs.recipe.RecipesEventJS was not found sliceanddice.mixins.json:RecipeEventJSMixin from mod sliceanddice
[02:05:12] [main/WARN]: Error loading class: sereneseasons/season/RandomUpdateHandler (java.lang.ClassNotFoundException: sereneseasons/season/RandomUpdateHandler)
[02:05:12] [main/WARN]: @Mixin target sereneseasons.season.RandomUpdateHandler was not found snowrealmagic.mixins.json:sereneseasons.RandomUpdateHandlerMixin from mod snowrealmagic
[02:05:12] [main/WARN]: Error loading class: me/jellysquid/mods/sodium/client/render/chunk/compile/pipeline/FluidRenderer (java.lang.ClassNotFoundException: me/jellysquid/mods/sodium/client/render/chunk/compile/pipeline/FluidRenderer)
[02:05:12] [main/WARN]: Error loading class: com/beansgalaxy/backpacks/compat/TrinketsRegistry$1 (java.lang.ClassNotFoundException: com/beansgalaxy/backpacks/compat/TrinketsRegistry$1)
[02:05:12] [main/WARN]: Error loading class: io/github/apace100/apoli/power/KeepInventoryPower (java.lang.ClassNotFoundException: io/github/apace100/apoli/power/KeepInventoryPower)
[02:05:12] [main/INFO]: [MemoryLeakFix] Will be applying 1 memory leak fixes!
[02:05:12] [main/INFO]: [MemoryLeakFix] Currently enabled memory leak fixes: [biomeTemperatureLeak]
[02:05:12] [main/WARN]: Error loading class: net/minecraft/class_5614$class_5615 (java.lang.ClassNotFoundException: net/minecraft/class_5614$class_5615)
[02:05:12] [main/WARN]: Error loading class: net/minecraft/class_5614$class_5615 (java.lang.ClassNotFoundException: net/minecraft/class_5614$class_5615)
[02:05:12] [main/WARN]: Error loading class: net/fabricmc/fabric/api/client/rendering/v1/EntityModelLayerRegistry$TexturedModelDataProvider (java.lang.ClassNotFoundException: net/fabricmc/fabric/api/client/rendering/v1/EntityModelLayerRegistry$TexturedModelDataProvider)
[02:05:12] [main/WARN]: Error loading class: net/minecraft/class_314 (java.lang.ClassNotFoundException: net/minecraft/class_314)
[02:05:12] [main/WARN]: @Mixin target net.minecraft.class_314 was not found mixins.mm_shedaniel.json:net.minecraft.class_314 from mod mm_shedaniel
[02:05:12] [main/INFO]: Removing config entry .clientSideConfig.modifyMaxVDConfig.enabled because it is not used
[02:05:12] [main/INFO]: Removing config entry .clientSideConfig.modifyMaxVDConfig.maxViewDistance because it is not used
[02:05:12] [main/INFO]: Removing config entry .clientSideConfig.modifyMaxVDConfig because it is not used
[02:05:12] [main/INFO]: Removing config entry .clientSideConfig because it is not used
[02:05:12] [main/INFO]: Initializing MixinExtras via com.llamalad7.mixinextras.service.MixinExtrasServiceImpl(version=0.5.0).
[02:05:13] [main/INFO]: Mixing common.MixinFriendlyByteBuf from mixins/common/nochatreports.mixins.json into net.minecraft.class_2540
[02:05:13] [main/INFO]: Renaming synthetic method lambda$onWriteJsonWithCodec$1(Ljava/lang/Object;Ljava/lang/String;)Lio/netty/handler/codec/EncoderException; to md381000$nochatreports$lambda$onWriteJsonWithCodec$1$0 in mixins/common/nochatreports.mixins.json:common.MixinFriendlyByteBuf from mod nochatreports
[02:05:13] [main/INFO]: Renaming synthetic method lambda$onReadJsonWithCodec$0(Ljava/lang/String;)Lio/netty/handler/codec/DecoderException; to md381000$nochatreports$lambda$onReadJsonWithCodec$0$1 in mixins/common/nochatreports.mixins.json:common.MixinFriendlyByteBuf from mod nochatreports
[02:05:14] [main/WARN]: @ModifyVariable(@At("INVOKE")) Shift.BY=2 on accessories-fabric.mixins.json:LivingEntityMixin from mod accessories::localvar$zfh000$accessories$adjustLooting exceeds the maximum allowed value: 0. Increase the value of maxShiftBy to suppress this warning.
[02:05:15] [main/WARN]: @Inject(@At("INVOKE")) Shift.BY=2 on accessories-common.mixins.json:NbtCompoundMixin from mod accessories::handler$zgc000$accessories$adjustCheckForListVariants exceeds the maximum allowed value: 0. Increase the value of maxShiftBy to suppress this warning.
[02:05:16] [main/WARN]: Method overwrite conflict for scheduleRandomTick in ohthetreesyoullgrow.mixins.json:chunk.MixinChunkAccess from mod ohthetreesyoullgrow, previously written by corgitaco.corgilib.mixin.chunk.MixinChunkAccess. Skipping method.
[02:05:16] [main/WARN]: Method overwrite conflict for getScheduledRandomTicks in ohthetreesyoullgrow.mixins.json:chunk.MixinChunkAccess from mod ohthetreesyoullgrow, previously written by corgitaco.corgilib.mixin.chunk.MixinChunkAccess. Skipping method.
[02:05:16] [main/INFO]: Mixing server.MixinServerGamePacketListenerImpl from mixins/common/nochatreports.mixins.json into net.minecraft.class_3244
[02:05:17] [main/WARN]: Discarding @Unique public method getSlotIndex in porting_lib_extensions.mixins.json:common.SlotMixin from mod porting_lib_extensions because it already exists in net.minecraft.class_1735
[02:05:18] [main/ERROR]: No data fixer registered for creaking
[02:05:18] [main/ERROR]: No data fixer registered for happy_ghast
[02:05:18] [main/ERROR]: No data fixer registered for pale_oak_boat
[02:05:18] [main/ERROR]: No data fixer registered for pale_oak_chest_boat
[02:05:18] [main/INFO]: [bclib] Added Config betternether.main to auto sync (file hash)
[02:05:18] [main/INFO]: [bclib] Added Config betternether.generator to auto sync (file hash)
[02:05:18] [main/INFO]: [bclib] Added Config betternether.blocks to auto sync (file hash)
[02:05:18] [main/INFO]: [bclib] Added Config betternether.items to auto sync (file hash)
[02:05:18] [main/INFO]: [bclib] Added Config betternether.biomes to auto sync (file hash)
[02:05:18] [main/INFO]: [bclib] Added Config betternether.mobs to auto sync (file hash)
[02:05:18] [main/INFO]: [bclib] Added Config betternether.recipes to auto sync (file hash)
[02:05:18] [main/WARN]: [bclib] Recipe betternether:bone_block_bone_button only takes in a single item and should be shapeless
[02:05:18] [main/ERROR]: Entity vanillabackport:creaking has no attributes
[02:05:18] [main/ERROR]: Entity vanillabackport:happy_ghast has no attributes
[02:05:18] [main/WARN]: Method overwrite conflict for getPools in porting_lib_tool_actions.mixins.json:BuilderAccessor from mod porting_lib_tool_actions, previously written by com.blackgear.platform.core.mixin.fabric.LootTableBuilderMixin. Skipping method.
[02:05:18] [main/WARN]: Method overwrite conflict for getPools in betternether.mixins.common.json:LootTableBuilderAccessor from mod betternether, previously written by com.blackgear.platform.core.mixin.fabric.LootTableBuilderMixin. Skipping method.
[02:05:18] [main/INFO]: [Regions Unexplored] generating and loading config
[02:05:19] [FileWatcher-1-thread-1/INFO]: Create Ore Excavation config just got changed on the file system!
[02:05:19] [main/INFO]: Registering Listeners!
[02:05:19] [main/INFO]: AddonsLib Fabric !
[02:05:19] [main/INFO]: Loaded config amendments-common.json
[02:05:19] [main/INFO]: [AqUpd's mobs] Caracal mod is loaded!
[02:05:19] [main/INFO]: [bclib] Added Config bclib.generator to auto sync (file hash)
[02:05:19] [main/INFO]: [bclib] Added Config bclib.main to auto sync (content diff)
[02:05:19] [main/INFO]: [bclib] Added Config bclib.biomes to auto sync (file hash)
[02:05:19] [main/ERROR]: No data fixer registered for beachparty:chair
[02:05:19] [main/ERROR]: No data fixer registered for beachparty:coconut
[02:05:19] [main/ERROR]: No data fixer registered for beachparty:beach_ball
[02:05:19] [main/INFO]: Registering Item Groups for bellsandwhistles
[02:05:19] [main/INFO]: Create addon mod [Create: Bells & Whistles] is loading alongside Create [0.5.1d]!
[02:05:19] [main/INFO]: Create: Bells & Whistles is accessinsg Porting Lib from the server!
[02:05:19] [main/INFO]: Reflections took 36 ms to scan 1 urls, producing 1 keys and 2 values
[02:05:19] [main/INFO]: Reflections took 1 ms to scan 1 urls, producing 1 keys and 2 values
[02:05:19] [main/INFO]: Reflections took 1 ms to scan 1 urls, producing 1 keys and 3 values
[02:05:19] [main/INFO]: Reflections took 1 ms to scan 1 urls, producing 1 keys and 3 values
[02:05:19] [main/INFO]: [bclib] Added Config betterend.entities to auto sync (file hash)
[02:05:19] [main/INFO]: [bclib] Added Config betterend.blocks to auto sync (file hash)
[02:05:19] [main/INFO]: [bclib] Added Config betterend.items to auto sync (file hash)
[02:05:19] [main/INFO]: [bclib] Added Config betterend.biomes to auto sync (file hash)
[02:05:19] [main/INFO]: [bclib] Added Config betterend.recipes to auto sync (file hash)
[02:05:19] [main/INFO]: [bclib] Added Config betterend.enchantments to auto sync (file hash)
[02:05:20] [main/INFO]: Reflections took 0 ms to scan 1 urls, producing 1 keys and 2 values
[02:05:20] [main/INFO]: Reflections took 1 ms to scan 1 urls, producing 1 keys and 2 values
[02:05:20] [main/INFO]: Reflections took 1 ms to scan 1 urls, producing 1 keys and 1 values
[02:05:20] [main/INFO]: Reflections took 0 ms to scan 1 urls, producing 1 keys and 1 values
[02:05:20] [main/INFO]: Reflections took 1 ms to scan 1 urls, producing 1 keys and 3 values
[02:05:20] [main/INFO]: Reflections took 0 ms to scan 1 urls, producing 1 keys and 3 values
[02:05:20] [main/INFO]: Reflections took 1 ms to scan 1 urls, producing 1 keys and 2 values
[02:05:20] [main/INFO]: Reflections took 1 ms to scan 1 urls, producing 1 keys and 2 values
[02:05:20] [main/INFO]: [betternether] =^..^=    BetterNether for 1.20    =^..^=
[02:05:20] [main/INFO]: Reflections took 1 ms to scan 1 urls, producing 1 keys and 1 values
[02:05:20] [main/INFO]: Reflections took 0 ms to scan 1 urls, producing 1 keys and 1 values
[02:05:20] [main/INFO]: Reflections took 0 ms to scan 1 urls, producing 1 keys and 2 values
[02:05:20] [main/INFO]: Reflections took 0 ms to scan 1 urls, producing 1 keys and 2 values
[02:05:20] [main/INFO]: Constructing common components for bettertridents:main
[02:05:20] [main/INFO]: Loading common config for bettertridents
[02:05:20] [main/ERROR]: No data fixer registered for loyal_item
[02:05:20] [main/ERROR]: No data fixer registered for loyal_experience_orb
[02:05:20] [main/INFO]: Reflections took 1 ms to scan 1 urls, producing 1 keys and 1 values
[02:05:20] [main/INFO]: Reflections took 0 ms to scan 1 urls, producing 1 keys and 1 values
[02:05:20] [main/INFO]: Initializing network...
[02:05:20] [main/INFO]: Initialized network!
[02:05:20] [main/INFO]: Registering Oh The Biomes We've Gone items
[02:05:20] [main/INFO]: Registering Oh The Biomes We've Gone Blocks
[02:05:20] [main/INFO]: Registering Oh The Biomes We've Gone Wood
[02:05:20] [main/ERROR]: No data fixer registered for biomeswevegone:sign
[02:05:20] [main/ERROR]: No data fixer registered for biomeswevegone:hanging_sign
[02:05:20] [main/ERROR]: No data fixer registered for biomeswevegone:pumpkin_burrow
[02:05:20] [main/INFO]: Registering Oh The Biomes We've Gone Block Entities
[02:05:20] [main/INFO]: Registering Oh The Biomes We've Gone Entities
[02:05:20] [main/INFO]: Registering Oh The Biomes We've Gone Creative Tabs
[02:05:20] [main/INFO]: Registering Oh The Biomes We've Gone Sounds
[02:05:20] [main/INFO]: Registering Oh The Biomes We've Gone Block Predicate
[02:05:20] [main/INFO]: Registering Oh The Biomes We've Gone State Providers
[02:05:20] [main/INFO]: Registering Oh The Biomes We've Gone Tree Decorators
[02:05:20] [main/INFO]: Registering Oh The Biomes We've Gone Custom Features
[02:05:20] [main/INFO]: Registering Oh The Biomes We've Gone Structure Pieces
[02:05:20] [main/INFO]: Registering Oh The Biomes We've Gone Custom Structure Types
[02:05:20] [main/INFO]: Registering Oh The Biomes We've Gone Configured Features
[02:05:20] [main/INFO]: Creating and Registering Overworld Vegetation Configured Features
[02:05:20] [main/INFO]: Registering Oh The Biomes We've Gone Tree Configured Features
[02:05:20] [main/INFO]: Creating and Registering Vanilla Configured Features
[02:05:20] [main/INFO]: Registering Oh The Biomes You'll Go Overworld Configured Features
[02:05:20] [main/INFO]: Registering Oh The Biomes We've Gone Placed Features
[02:05:20] [main/INFO]: Creating and Registering Overworld Tree Placed Features
[02:05:20] [main/INFO]: Creating and Registering Overworld Vegetation Placed Features
[02:05:20] [main/INFO]: Creating and Registering Vanilla Placed Features
[02:05:20] [main/INFO]: Registering Oh The Biomes We've Gone Custom Surface Rules
[02:05:20] [main/INFO]: Registering Oh The Biomes We've Gone Template Pools
[02:05:20] [main/INFO]: Registering Oh The Biome's We've Gone Village Template Pools
[02:05:20] [main/INFO]: Registering Oh The Biomes We've Gone Poi Types
[02:05:20] [main/INFO]: Registering Oh The Biomes We've Gone Villager Professions
[02:05:20] [main/INFO]: Registering Oh The Biomes We've Gone Custom Structure Processors
[02:05:20] [main/INFO]: Registering Oh The Biomes We've Gone villager types
[02:05:20] [main/INFO]: Registering Oh The Biomes We've Gone Schedules
[02:05:20] [main/INFO]: Registering Oh The Biomes We've Gone Memory Module Types
[02:05:20] [main/INFO]: Registering Oh The Biomes We've Gone Sensor Types
[02:05:20] [main/INFO]: Creating and Registering BWG Biome Modifiers for Vanilla Biomes
[02:05:20] [main/INFO]: Initializing CherryGroveStarterHouseMod
[02:05:20] [FileWatcher-1-thread-1/INFO]: Reloading common config for bettertridents
[02:05:21] [main/INFO]: Hello Fabric world!
[02:05:22] [main/INFO]: Registering Advancements for: Create: Trading Floor
[02:05:22] [main/INFO]: Initializing CreateCopperAndZincMod
[02:05:22] [main/INFO]: [STDOUT]: Pondering Dimensions create_dd
[02:05:22] [main/INFO]: Hello Fabric world!
[02:05:22] [main/INFO]: Create: Dragon Lib Create Dragon Lib has initialized, ready to support your Create add-ons!
[02:05:22] [main/INFO]: CEI: hyper_experience_orb got converted to hyper_experience_orb
[02:05:22] [main/INFO]: CEI: hyper_experience_bottle got converted to hyper_experience_bottle
[02:05:22] [main/INFO]: Initializing CreateHighPressureMod
[02:05:22] [main/INFO]: Hello 1.20.1 Create!
[02:05:22] [main/INFO]: Initializing CreateStructuresAriseMod
[02:05:22] [main/WARN]: Tried to register an overly high cookTime: 57600 > 32767! (air)
[02:05:22] [main/INFO]: [STDOUT]: Create Crafts & Additions Initialized!
[02:05:22] [main/INFO]: Registering items for Create Deco
[02:05:22] [main/INFO]: Registering blocks for Create Deco
[02:05:22] [main/INFO]: Create Deco is accessing Porting Lib on a Fabric server!
[02:05:22] [main/INFO]: placard tooltip was null
[02:05:22] [main/INFO]: placard tooltip was null
[02:05:22] [main/INFO]: placard tooltip was null
[02:05:22] [main/INFO]: placard tooltip was null
[02:05:22] [main/INFO]: placard tooltip was null
[02:05:22] [main/INFO]: placard tooltip was null
[02:05:22] [main/INFO]: placard tooltip was null
[02:05:22] [main/INFO]: placard tooltip was null
[02:05:22] [main/INFO]: placard tooltip was null
[02:05:22] [main/INFO]: placard tooltip was null
[02:05:22] [main/INFO]: placard tooltip was null
[02:05:22] [main/INFO]: placard tooltip was null
[02:05:22] [main/INFO]: placard tooltip was null
[02:05:22] [main/INFO]: placard tooltip was null
[02:05:22] [main/INFO]: placard tooltip was null
[02:05:22] [main/INFO]: Registered LightBehaviourProvider
[02:05:22] [main/INFO]: Registering Items for createfood
[02:05:22] [main/INFO]: Registering Blocks for createfood
[02:05:22] [main/INFO]: Registering Fluids for createfood
[02:05:23] [main/INFO]: Create addon mod [CREATEFRAMED] is loading alongside Create [0.5.1f]!
[02:05:23] [main/INFO]: CREATEFRAMED is accessing Porting Lib from the server!
[02:05:23] [main/INFO]: CreateGoggles init
[02:05:23] [main/INFO]: cgblocks
[02:05:23] [main/INFO]: cgitems
[02:05:23] [main/INFO]: cgblockentities
[02:05:23] [main/INFO]: ResourceKey[minecraft:trim_pattern / creategoggles:goggle]
[02:05:23] [main/INFO]: ResourceKey[minecraft:trim_material / creategoggles:goggle_material]
[02:05:23] [main/INFO]: ResourceKey[minecraft:root / minecraft:trim_pattern]
[02:05:23] [main/INFO]: CGItemModifiers register false
[02:05:23] [main/INFO]: CreateGogglesFabric init
[02:05:23] [main/INFO]: Create Ore Excavation starting
[02:05:23] [main/INFO]: Constructing common components for cutthrough:main
[02:05:23] [main/INFO]: Saving config because the loaded bug fixes are different to stored json.
[02:05:23] [main/INFO]: Saving Debugify
[02:05:23] [main/INFO]: Enabled 34 bug fixes: [MC-2025, MC-7569, MC-8187, MC-14923, MC-30391, MC-31819, MC-69216, MC-72151, MC-88371, MC-89146, MC-90084, MC-93018, MC-100991, MC-119417, MC-119754, MC-121706, MC-121903, MC-124117, MC-129909, MC-132878, MC-135971, MC-155509, MC-160095, MC-179072, MC-183990, MC-193343, MC-199467, MC-200418, MC-206922, MC-215530, MC-223153, MC-224729, MC-231743, MC-232869]
[02:05:23] [main/INFO]: Successfully Debugify'd your game!
[02:05:23] [main/ERROR]: No data fixer registered for crystallized_amber
[02:05:23] [main/ERROR]: No data fixer registered for sculk_jaw
[02:05:23] [main/INFO]: Constructing common components for easyanvils:main
[02:05:23] [main/INFO]: [EasyAuth]: EasyAuth mod by NikitaCartes
[02:05:23] [main/INFO]: Registering Item Group for ends_delight
[02:05:23] [main/INFO]: Registering Mod Blocks for ends_delight
[02:05:23] [main/INFO]: Registering Mod Features for ends_delight
[02:05:23] [main/ERROR]: No data fixer registered for estrogen:moth
[02:05:23] [main/INFO]: Injecting Estrogen into your veins!
[02:05:23] [main/INFO]: Loaded config everycomp-common.json
[02:05:23] [main/INFO]: Loaded config everycomp-hazardous.json
[02:05:23] [main/ERROR]: No data fixer registered for rotten_tomato
[02:05:23] [main/INFO]: Farmer's Knives loaded!
[02:05:23] [main/INFO]: [STDOUT]: All 4 have been set properly
[02:05:23] [main/INFO]: [STDOUT]: Registered Mod Items for fennecfox
[02:05:24] [main/ERROR]: No data fixer registered for biomesoplenty:boat
[02:05:24] [main/ERROR]: No data fixer registered for biomesoplenty:chest_boat
[02:05:24] [main/ERROR]: No data fixer registered for anomaly
[02:05:24] [main/ERROR]: No data fixer registered for handcrafted
[02:05:24] [main/ERROR]: No data fixer registered for immersive_paintings:painting
[02:05:24] [main/ERROR]: No data fixer registered for immersive_paintings:glow_painting
[02:05:24] [main/ERROR]: No data fixer registered for immersive_paintings:graffiti
[02:05:24] [main/ERROR]: No data fixer registered for immersive_paintings:glow_graffiti
[02:05:24] [main/INFO]: Create: Interiors v0.5.6 initializing! Create version: 0.5.1h on platform: Fabric
[02:05:24] [main/INFO]: Initializing JamLib on Fabric
[02:05:24] [main/INFO]: Processing 6 KiwiModule annotations
[02:05:24] [main/INFO]: Module [kiwi:contributors] initialized
[02:05:24] [main/INFO]: Module [snowrealmagic:core] initialized
[02:05:24] [main/INFO]: 		block: 7, block_entity_type: 2, entity_type: 1, loot_pool_entry_type: 1
[02:05:24] [main/INFO]: Module [kiwi:block_templates] initialized
[02:05:24] [main/INFO]: Module [kiwi:block_components] initialized
[02:05:24] [main/INFO]: Module [kiwi:data] initialized
[02:05:24] [main/INFO]: 		recipe_serializer: 3
[02:05:24] [main/INFO]: Module [kiwi:item_templates] initialized
[02:05:24] [main/INFO]: Compression will use libdeflate (Linux x86_64), encryption will use OpenSSL 3.0.x (Linux x86_64)
[02:05:24] [main/INFO]: [LMFT]: Loaded Config File!
[02:05:24] [main/INFO]: Macaw's Biomes O' Plenty Loading...
[02:05:24] [main/INFO]: Macaw's Biomes O' Plenty Is Charged !
[02:05:24] [main/INFO]: Macaw's Oh The Biomes We've Gone Loading...
[02:05:24] [main/INFO]: Macaw's Oh The Biomes We've Gone Is Charged !
[02:05:25] [main/ERROR]: No data fixer registered for meadow:water_buffalo
[02:05:25] [main/ERROR]: No data fixer registered for meadow:wooly_cow
[02:05:25] [main/ERROR]: No data fixer registered for meadow:chair
[02:05:25] [main/ERROR]: No data fixer registered for meadow:meadow_sheep
[02:05:25] [main/INFO]: Definitely not up to no good
[02:05:25] [main/INFO]: Definitely not up to no good
[02:05:25] [main/INFO]: Loaded config molten_metals-common.json
[02:05:25] [main/INFO]: Loaded config moonlight-client.json
[02:05:25] [main/INFO]: Giving mobs a fresh coat of paint...
[02:05:25] [main/INFO]: mystic's biomes ~ registering biomes
[02:05:25] [main/INFO]: mystic's biomes ~ registering blocks
[02:05:25] [main/ERROR]: No data fixer registered for butterfly_nest
[02:05:25] [main/INFO]: mystic's biomes ~ registering block entities
[02:05:25] [main/ERROR]: No data fixer registered for strawberry_cow
[02:05:25] [main/ERROR]: No data fixer registered for vanilla_cow
[02:05:25] [main/ERROR]: No data fixer registered for chocolate_cow
[02:05:25] [main/ERROR]: No data fixer registered for rainbow_chicken
[02:05:25] [main/ERROR]: No data fixer registered for red_panda
[02:05:25] [main/ERROR]: No data fixer registered for sea_otter
[02:05:25] [main/ERROR]: No data fixer registered for butterfly
[02:05:25] [main/ERROR]: No data fixer registered for rainbow_egg
[02:05:25] [main/INFO]: mystic's biomes ~ registering animals & critters
[02:05:25] [main/INFO]: mystic's biomes ~ registering items
[02:05:25] [main/INFO]: mystic's biomes ~ registering features
[02:05:25] [main/INFO]: mystic's biomes ~ registering configured features
[02:05:25] [main/INFO]: mystic's biomes ~ registering placed features
[02:05:25] [main/INFO]: mystic's biomes ~ registering poi types
[02:05:25] [main/INFO]: mystic's biomes ~ registering sounds
[02:05:25] [main/INFO]: mystic's biomes ~ registering creative tab
[02:05:25] [main/INFO]: KONNICHIWA ZA WARUDO!
[02:05:25] [main/INFO]: Default JVM text encoding is: UTF-8
[02:05:25] [main/INFO]: Reading config file NoChatReports/NCR-Common.json...
[02:05:25] [main/INFO]: Writing config file NoChatReports/NCR-Common.json...
[02:05:25] [main/INFO]: Loading Noisium.
[02:05:25] [main/INFO]: Create: Numismatics 1.0.11+fabric-mc1.20.1 initializing! Create version: 0.5.1j on platform: FABRIC
[02:05:25] [main/INFO]: Registering items for Create: Numismatics
[02:05:25] [main/INFO]: Registering blocks for Create: Numismatics
[02:05:25] [main/INFO]: Registering Items for oceansdelight
[02:05:25] [main/INFO]: Registering Blocks for oceansdelight
[02:05:25] [main/INFO]: Registering tabs for oceansdelight
[02:05:25] [main/INFO]: I think that's not the only reason Spectrum isn't compatible with Quilt
[02:05:25] [main/INFO]: Loading mod pointblank
[02:05:25] [main/INFO]: [STDERR]: java.nio.file.NoSuchFileException: /home/penrosian/FeltMC-Season4-Modded/server/minecraft/pointblank
[02:05:25] [main/INFO]: [STDERR]: 	at java.base/sun.nio.fs.UnixException.translateToIOException(UnixException.java:92)
[02:05:25] [main/INFO]: [STDERR]: 	at java.base/sun.nio.fs.UnixException.asIOException(UnixException.java:115)
[02:05:25] [main/INFO]: [STDERR]: 	at java.base/sun.nio.fs.UnixFileSystemProvider.newDirectoryStream(UnixFileSystemProvider.java:502)
[02:05:25] [main/INFO]: [STDERR]: 	at java.base/java.nio.file.Files.newDirectoryStream(Files.java:482)
[02:05:25] [main/INFO]: [STDERR]: 	at knot//com.vicmatskiv.pointblank.registry.ExtensionRegistry.scanExtensions(ExtensionRegistry.java:415)
[02:05:25] [main/INFO]: [STDERR]: 	at knot//com.vicmatskiv.pointblank.registry.ExtensionRegistry.discoverExtensions(ExtensionRegistry.java:239)
[02:05:25] [main/INFO]: [STDERR]: 	at knot//com.vicmatskiv.pointblank.PointBlankInitializer.init(PointBlankInitializer.java:30)
[02:05:25] [main/INFO]: [STDERR]: 	at knot//com.vicmatskiv.pointblank.PointBlankMod.onInitialize(PointBlankMod.java:9)
[02:05:25] [main/INFO]: [STDERR]: 	at net.fabricmc.loader.impl.FabricLoaderImpl.invokeEntrypoints(FabricLoaderImpl.java:405)
[02:05:25] [main/INFO]: [STDERR]: 	at net.fabricmc.loader.impl.game.minecraft.Hooks.startServer(Hooks.java:63)
[02:05:25] [main/INFO]: [STDERR]: 	at knot//net.minecraft.server.Main.main(Main.java:112)
[02:05:25] [main/INFO]: [STDERR]: 	at net.fabricmc.loader.impl.game.minecraft.MinecraftGameProvider.launch(MinecraftGameProvider.java:506)
[02:05:25] [main/INFO]: [STDERR]: 	at net.fabricmc.loader.impl.launch.knot.Knot.launch(Knot.java:72)
[02:05:25] [main/INFO]: [STDERR]: 	at net.fabricmc.loader.impl.launch.knot.KnotServer.main(KnotServer.java:23)
[02:05:25] [main/INFO]: [STDERR]: 	at net.fabricmc.loader.impl.launch.server.FabricServerLauncher.main(FabricServerLauncher.java:69)
[02:05:25] [main/INFO]: [STDERR]: 	at net.fabricmc.installer.ServerLauncher.main(ServerLauncher.java:69)
[02:05:25] [main/ERROR]: No data fixer registered for grenade40mm
[02:05:25] [main/ERROR]: No data fixer registered for grenade20mm
[02:05:25] [main/ERROR]: No data fixer registered for smaw_rocket
[02:05:25] [main/ERROR]: No data fixer registered for at4_rocket
[02:05:25] [main/ERROR]: No data fixer registered for javelin_rocket
[02:05:25] [main/ERROR]: No data fixer registered for grenade
[02:05:25] [main/INFO]: Constructing common components for puzzleslib:main
[02:05:25] [main/INFO]: Steam 'n' Rails v1.6.9 initializing! Commit hash: 1219c3f788bf8add5c41073bcf9326c5815c2818 on Create version: 0.5.1j on platform: Fabric
[02:05:25] [main/INFO]: Registered bogey styles from railways
[02:05:25] [main/INFO]: Registering data fixers
[02:05:25] [main/INFO]: 0 Datafixer optimizations took 0 milliseconds
[02:05:25] [main/INFO]: Registering tracks for Hex Casting
[02:05:25] [main/INFO]: Registering tracks for Oh The Biomes You'll Go
[02:05:26] [main/INFO]: Registering tracks for Blue Skies
[02:05:26] [main/INFO]: Registering tracks for Twilight Forest
[02:05:26] [main/INFO]: Registering tracks for Biomes O' Plenty
[02:05:26] [main/INFO]: Registering tracks for Nature's Spirit
[02:05:26] [main/INFO]: Registering tracks for Dreams and Desires
[02:05:26] [main/INFO]: Registering tracks for Quark
[02:05:26] [main/INFO]: Registering tracks for TerraFirmaCraft
[02:05:26] [main/INFO]: Updated config file at /home/penrosian/FeltMC-Season4-Modded/server/minecraft/config/rightclickharvest.json5
[02:05:26] [main/INFO]: Initializing Right Click Harvest on FABRIC
[02:05:26] [main/INFO]: [ServerCore] Loaded V1.5.2+1.20.1!
[02:05:26] [main/INFO]: Initializing Silk due to init call
[02:05:26] [main/ERROR]: No data fixer registered for battlestandard
[02:05:26] [main/ERROR]: No data fixer registered for battlestandarddark
[02:05:26] [main/ERROR]: No data fixer registered for simplyswords:simplybeeentity
[02:05:26] [main/INFO]: [STDOUT]: /home/penrosian/FeltMC-Season4-Modded/server/minecraft/config
[02:05:26] [main/INFO]: Constructing common components for stoneworks:main
[02:05:26] [main/INFO]: Loading common config for stoneworks
[02:05:26] [main/INFO]: Loaded config supplementaries-common.json
[02:05:27] [main/INFO]: Loaded config suppsquared-common.json
[02:05:27] [main/INFO]: Registered region minecraft:overworld to index 0 for type OVERWORLD
[02:05:27] [main/INFO]: Registered region minecraft:nether to index 0 for type NETHER
[02:05:27] [main/INFO]: Registered region biomesoplenty:overworld_primary to index 1 for type OVERWORLD
[02:05:27] [main/INFO]: Registered region biomesoplenty:overworld_secondary to index 2 for type OVERWORLD
[02:05:27] [main/INFO]: Registered region biomesoplenty:overworld_rare to index 3 for type OVERWORLD
[02:05:27] [main/INFO]: Registered region biomesoplenty:nether_common to index 1 for type NETHER
[02:05:27] [main/INFO]: Registered region biomesoplenty:nether_rare to index 2 for type NETHER
[02:05:27] [main/INFO]: Registered region biomeswevegone:region_0 to index 4 for type OVERWORLD
[02:05:27] [main/INFO]: Registered region biomeswevegone:region_1 to index 5 for type OVERWORLD
[02:05:27] [main/INFO]: Registered region biomeswevegone:region_2 to index 6 for type OVERWORLD
[02:05:27] [main/INFO]: Registered region mysticsbiomes:overworld_provider to index 7 for type OVERWORLD
[02:05:27] [main/INFO]: Registered region regions_unexplored:primary to index 8 for type OVERWORLD
[02:05:27] [main/INFO]: Registered region regions_unexplored:secondary to index 9 for type OVERWORLD
[02:05:27] [main/INFO]: Registered region regions_unexplored:nether to index 3 for type NETHER
[02:05:27] [FileWatcher-1-thread-1/INFO]: Reloading common config for stoneworks
[02:05:27] [main/INFO]: Registered region vanillabackport:overworld to index 10 for type OVERWORLD
[02:05:27] [main/INFO]: Registered region yungscavebiomes:overworld to index 11 for type OVERWORLD
[02:05:27] [main/INFO]: Create: Trading Floor initializing! Create version: 0.5.1f on platform: Fabric
[02:05:27] [main/INFO]: Registering all Create: Trading Floor entries
[02:05:27] [main/INFO]: Registering Particle Emitters for: Create: Trading Floor
[02:05:27] [main/INFO]: Finished Initialisation For Mod: trading_floor
[02:05:27] [main/INFO]: Constructing common components for tradingpost:main
[02:05:27] [main/ERROR]: No data fixer registered for twigs:pebble
[02:05:27] [main/INFO]: Hello Fabric world!
[02:05:27] [main/INFO]: Loaded config verdant-common.json
[02:05:27] [main/INFO]: Registering Blocks from verdantvibes
[02:05:27] [main/INFO]: Registering Villagers verdantvibes
[02:05:27] [main/INFO]: Registering TreeDecorators from verdantvibes
[02:05:27] [main/INFO]: Hello Fabric world!
[02:05:27] [main/ERROR]: No data fixer registered for vinery:mule
[02:05:27] [main/ERROR]: No data fixer registered for vinery:wandering_winemaker
[02:05:27] [main/ERROR]: No data fixer registered for vinery:chair
[02:05:27] [main/INFO]: Mixing server.MixinServerboundChatSessionUpdatePacket from mixins/common/nochatreports.mixins.json into net.minecraft.class_7861
[02:05:27] [main/INFO]: Mixing server.MixinServerboundChatCommandPacket from mixins/common/nochatreports.mixins.json into net.minecraft.class_7472
[02:05:27] [main/INFO]: Mixing server.MixinServerboundChatPacket from mixins/common/nochatreports.mixins.json into net.minecraft.class_2797
[02:05:27] [main/INFO]: [voicechat] Compatibility version 18
[02:05:27] [main/INFO]: [voicechat] Loading plugins
[02:05:27] [main/INFO]: [voicechat] Loaded 0 plugin(s)
[02:05:27] [main/INFO]: [voicechat] Initializing plugins
[02:05:27] [main/INFO]: [voicechat] Initialized 0 plugin(s)
[02:05:28] [main/INFO]: Reflections took 2 ms to scan 1 urls, producing 1 keys and 4 values
[02:05:28] [main/INFO]: Reflections took 1 ms to scan 1 urls, producing 1 keys and 4 values
[02:05:28] [main/INFO]: Reflections took 0 ms to scan 1 urls, producing 1 keys and 2 values
[02:05:28] [main/INFO]: Reflections took 0 ms to scan 1 urls, producing 1 keys and 2 values
[02:05:28] [main/INFO]: Reflections took 12 ms to scan 1 urls, producing 5 keys and 65 values
[02:05:28] [main/INFO]: Reflections took 12 ms to scan 1 urls, producing 5 keys and 65 values
[02:05:28] [main/INFO]: Reflections took 0 ms to scan 1 urls, producing 1 keys and 2 values
[02:05:28] [main/INFO]: Reflections took 0 ms to scan 1 urls, producing 1 keys and 2 values
[02:05:29] [main/ERROR]: Please check the config file and set an bot token
[02:05:29] [main/INFO]: Initializing Distant Horizons server, firing DhApiBeforeDhInitEvent event...
[02:05:29] [main/INFO]: Distant Horizons, Version: 2.3.4-b
[02:05:29] [main/INFO]: Registering Fabric Server Events
[02:05:29] [main/INFO]: Registered mod compatibility accessor for: [Starlight-Fabric-1.18.X].
[02:05:29] [main/INFO]: Registered mod compatibility accessor for: [BCLib].
[02:05:29] [main/INFO]: Distant Horizons server Initialized, adding event subscribers...
[02:05:29] [main/INFO]: Krypton is now accelerating your Minecraft server's networking stack 
[02:05:29] [main/WARN]: Failed to find custom WoodType:  mysticsbiomes:peach - 
java.lang.IllegalStateException: Failed to find leaves block: mysticsbiomes:peach_blossoms
	at net.mehvahdjukaar.moonlight.api.set.leaves.LeavesType$Finder.lambda$leaves$0(LeavesType.java:91) ~[moonlight-1.20-2.16.5-fabric.jar:?]
	at java.util.Optional.orElseThrow(Optional.java:403) ~[?:?]
	at net.mehvahdjukaar.moonlight.api.set.leaves.LeavesType$Finder.lambda$leaves$1(LeavesType.java:90) ~[moonlight-1.20-2.16.5-fabric.jar:?]
	at net.mehvahdjukaar.moonlight.api.set.leaves.LeavesType$Finder.get(LeavesType.java:126) ~[moonlight-1.20-2.16.5-fabric.jar:?]
	at java.util.stream.ReferencePipeline$3$1.accept(ReferencePipeline.java:215) ~[?:?]
	at java.util.ArrayList$ArrayListSpliterator.forEachRemaining(ArrayList.java:1709) ~[?:?]
	at java.util.stream.AbstractPipeline.copyInto(AbstractPipeline.java:570) ~[?:?]
	at java.util.stream.AbstractPipeline.wrapAndCopyInto(AbstractPipeline.java:560) ~[?:?]
	at java.util.stream.ForEachOps$ForEachOp.evaluateSequential(ForEachOps.java:151) ~[?:?]
	at java.util.stream.ForEachOps$ForEachOp$OfRef.evaluateSequential(ForEachOps.java:174) ~[?:?]
	at java.util.stream.AbstractPipeline.evaluate(AbstractPipeline.java:265) ~[?:?]
	at java.util.stream.ReferencePipeline.forEach(ReferencePipeline.java:636) ~[?:?]
	at net.mehvahdjukaar.moonlight.api.set.BlockTypeRegistry.buildAll(BlockTypeRegistry.java:168) ~[moonlight-1.20-2.16.5-fabric.jar:?]
	at java.util.ArrayList.forEach(ArrayList.java:1597) ~[?:?]
	at net.mehvahdjukaar.moonlight.core.set.BlockSetInternal.initializeBlockSets(BlockSetInternal.java:45) ~[moonlight-1.20-2.16.5-fabric.jar:?]
	at net.mehvahdjukaar.moonlight.core.set.fabric.BlockSetInternalImpl.initializeBlockSets(BlockSetInternalImpl.java:34) ~[moonlight-1.20-2.16.5-fabric.jar:?]
	at net.mehvahdjukaar.moonlight.api.platform.fabric.RegHelperImpl.lateRegisterEntries(RegHelperImpl.java:92) ~[moonlight-1.20-2.16.5-fabric.jar:?]
	at net.mehvahdjukaar.moonlight.fabric.MoonlightFabric.commonSetup(MoonlightFabric.java:73) ~[moonlight-1.20-2.16.5-fabric.jar:?]
	at net.mehvahdjukaar.moonlight.fabric.MoonlightFabric.onInitializeServer(MoonlightFabric.java:90) ~[moonlight-1.20-2.16.5-fabric.jar:?]
	at net.fabricmc.loader.impl.FabricLoaderImpl.invokeEntrypoints(FabricLoaderImpl.java:405) ~[fabric-loader-0.17.2.jar:?]
	at net.fabricmc.loader.impl.game.minecraft.Hooks.startServer(Hooks.java:64) ~[fabric-loader-0.17.2.jar:?]
	at net.minecraft.server.Main.main(Main.java:112) ~[server-intermediary.jar:?]
	at net.fabricmc.loader.impl.game.minecraft.MinecraftGameProvider.launch(MinecraftGameProvider.java:506) ~[fabric-loader-0.17.2.jar:?]
	at net.fabricmc.loader.impl.launch.knot.Knot.launch(Knot.java:72) ~[fabric-loader-0.17.2.jar:?]
	at net.fabricmc.loader.impl.launch.knot.KnotServer.main(KnotServer.java:23) ~[fabric-loader-0.17.2.jar:?]
	at net.fabricmc.loader.impl.launch.server.FabricServerLauncher.main(FabricServerLauncher.java:69) ~[fabric-loader-0.17.2.jar:?]
	at net.fabricmc.installer.ServerLauncher.main(ServerLauncher.java:69) ~[fabric-server-mc.1.20.1-loader.0.17.2-launcher.1.1.0.jar:1.1.0]
[02:05:29] [main/INFO]: Initialized block sets in 64ms
[02:05:29] [main/INFO]: Registering Compat WoodType Blocks
[02:05:30] [main/INFO]: [module: chipped]: registered 12918 WoodType blocks
[02:05:30] [main/INFO]: [module: farmersdelight]: registered 93 WoodType blocks
[02:05:30] [main/INFO]: [module: friendsandfoes]: registered 96 WoodType blocks
[02:05:30] [main/INFO]: [module: handcrafted]: registered 1415 WoodType blocks
[02:05:30] [main/INFO]: [module: hearth_and_home]: registered 479 WoodType blocks
[02:05:30] [main/INFO]: [module: twigs]: registered 94 WoodType blocks
[02:05:30] [main/INFO]: [module: mcwbridges]: registered 350 WoodType blocks
[02:05:31] [main/INFO]: [module: mcwdoors]: registered 1239 WoodType blocks
[02:05:31] [main/INFO]: [module: mcwfences]: registered 341 WoodType blocks
[02:05:31] [main/INFO]: [module: mcwlights]: registered 286 WoodType blocks
[02:05:31] [main/INFO]: [module: mcwpaths]: registered 59 WoodType blocks
[02:05:31] [main/INFO]: [module: mcwroofs]: registered 822 WoodType blocks
[02:05:31] [main/INFO]: [module: mcwtrpdoors]: registered 941 WoodType blocks
[02:05:31] [main/INFO]: [module: mcwwindows]: registered 988 WoodType blocks
[02:05:31] [main/INFO]: [module: mcwfurnitures]: registered 3002 WoodType blocks
[02:05:31] [main/INFO]: [module: mcwstairs]: registered 447 WoodType blocks
[02:05:31] [main/INFO]: [module: create]: registered 194 WoodType blocks
[02:05:31] [main/INFO]: [module: regions_unexplored]: registered 70 WoodType blocks
[02:05:31] [main/INFO]: Registering Compat LeavesType Blocks
[02:05:31] [main/INFO]: [module: mcwfences]: registered 144 LeavesType blocks
[02:05:31] [main/INFO]: [module: regions_unexplored]: registered 76 LeavesType blocks
[02:05:31] [main/ERROR]: No data fixer registered for medium_dragon_fireball
[02:05:31] [main/ERROR]: No data fixer registered for medium_fireball
[02:05:31] [main/ERROR]: No data fixer registered for ring_effect_cloud
[02:05:31] [main/ERROR]: No data fixer registered for falling_lantern
[02:05:31] [main/ERROR]: No data fixer registered for dispenser_minecart
[02:05:31] [main/ERROR]: No data fixer registered for falling_urn
[02:05:31] [main/ERROR]: No data fixer registered for falling_ash
[02:05:31] [main/ERROR]: No data fixer registered for falling_sack
[02:05:31] [main/ERROR]: No data fixer registered for brick_projectile
[02:05:31] [main/ERROR]: No data fixer registered for slimeball_projectile
[02:05:31] [main/ERROR]: No data fixer registered for bomb
[02:05:31] [main/ERROR]: No data fixer registered for cannonball
[02:05:31] [main/ERROR]: No data fixer registered for rope_arrow
[02:05:31] [main/ERROR]: No data fixer registered for slingshot_projectile
[02:05:31] [main/ERROR]: No data fixer registered for verdant:falling_layer
[02:05:31] [main/ERROR]: No data fixer registered for verdant:falling_propagule
[02:05:38] [main/INFO]: Loaded config everycomp-entries.json
[02:05:38] [main/INFO]: Loaded config moonlight-common.json
[02:05:38] [main/INFO]: Loaded config sawmill-common.json
[02:05:38] [main/INFO]: Every Compat has loaded 18 modules: [chipped, farmersdelight, friendsandfoes, handcrafted, hearth_and_home, twigs, mcwbridges, mcwdoors, mcwfences, mcwlights, mcwpaths, mcwroofs, mcwtrpdoors, mcwwindows, mcwfurnitures, mcwstairs, create, regions_unexplored]
[02:05:38] [main/WARN]: Chipped is installed. The mod on its own adds a ludicrous amount of blocks. With Every Compat this can easily explode. You have been warned
[02:05:38] [main/WARN]: Registered 24054 compat children making up 46.30% of total children registered
[02:05:38] [main/INFO]: Registered 24054 compat children making up 46.30% of total children registered
[02:05:38] [main/ERROR]: Every Compat registered children make up more than one third of your registered children, taking up memory and load time.
[02:05:38] [main/ERROR]: You might want to uninstall some mods, biggest offender was CHIPPED (12918 children)
[02:05:39] [main/INFO]: Initialized color sets in 196ms
[02:05:39] [main/INFO]: Finished mod setup in: [0, 0, 0, 0, 0, 0, 16, 0] ms
[02:05:39] [main/INFO]: Loading Open Parties and Claims!
[02:05:39] [main/INFO]: Loading Xaero's Minimap - Stage 1/2 (Server)
[02:05:39] [main/ERROR]: Failed to load properties from file: server.properties
java.nio.file.NoSuchFileException: server.properties
	at sun.nio.fs.UnixException.translateToIOException(UnixException.java:92) ~[?:?]
	at sun.nio.fs.UnixException.rethrowAsIOException(UnixException.java:106) ~[?:?]
	at sun.nio.fs.UnixException.rethrowAsIOException(UnixException.java:111) ~[?:?]
	at sun.nio.fs.UnixFileSystemProvider.newByteChannel(UnixFileSystemProvider.java:262) ~[?:?]
	at java.nio.file.Files.newByteChannel(Files.java:380) ~[?:?]
	at java.nio.file.Files.newByteChannel(Files.java:432) ~[?:?]
	at java.nio.file.spi.FileSystemProvider.newInputStream(FileSystemProvider.java:420) ~[?:?]
	at java.nio.file.Files.newInputStream(Files.java:160) ~[?:?]
	at net.minecraft.class_3808.method_16727(class_3808.java:62) ~[server-intermediary.jar:?]
	at net.minecraft.class_3806.method_16714(class_3806.java:137) ~[server-intermediary.jar:?]
	at net.minecraft.class_3807.<init>(class_3807.java:12) ~[server-intermediary.jar:?]
	at net.minecraft.server.Main.main(Main.java:115) ~[server-intermediary.jar:?]
	at net.fabricmc.loader.impl.game.minecraft.MinecraftGameProvider.launch(MinecraftGameProvider.java:506) ~[fabric-loader-0.17.2.jar:?]
	at net.fabricmc.loader.impl.launch.knot.Knot.launch(Knot.java:72) ~[fabric-loader-0.17.2.jar:?]
	at net.fabricmc.loader.impl.launch.knot.KnotServer.main(KnotServer.java:23) ~[fabric-loader-0.17.2.jar:?]
	at net.fabricmc.loader.impl.launch.server.FabricServerLauncher.main(FabricServerLauncher.java:69) ~[fabric-loader-0.17.2.jar:?]
	at net.fabricmc.installer.ServerLauncher.main(ServerLauncher.java:69) ~[fabric-server-mc.1.20.1-loader.0.17.2-launcher.1.1.0.jar:1.1.0]
[02:05:39] [main/WARN]: Failed to load eula.txt
[02:05:39] [main/INFO]: By answering 'true' to this prompt you are indicating your agreement to Minecraft's EULA (https://account.mojang.com/documents/minecraft_eula)
EULA:
[02:05:43] [main/INFO]: You need to agree to the EULA in order to run the server. Go to eula.txt for more info.
